"../../../Engine/Content/Animation/DefaultAnimBoneCompressionSettings.uasset" 0
"../../../../../../Users/van.phelan/source/repos/GraphicsDemoDungeon/Content/Characters/XBot/SK_XBot_Skeleton.uasset" 1
"../../../../../../Users/van.phelan/source/repos/GraphicsDemoDungeon/Content/Characters/XBot/Animations/SK_XBot_Punch.uasset" 2
"../../../../../../Users/van.phelan/source/repos/GraphicsDemoDungeon/Content/Characters/XBot/Animations/SK_XBot_Idle.uasset" 3
"../../../../../../Users/van.phelan/source/repos/GraphicsDemoDungeon/Content/Characters/XBot/Animations/SK_XBot_Run.uasset" 4
"../../../../../../Users/van.phelan/source/repos/GraphicsDemoDungeon/Content/Characters/XBot/Animations/SK_XBot_Run_Back.uasset" 5
"../../../../../../Users/van.phelan/source/repos/GraphicsDemoDungeon/Content/Characters/XBot/Animations/SK_XBot_Run_Left.uasset" 6
"../../../../../../Users/van.phelan/source/repos/GraphicsDemoDungeon/Content/Characters/XBot/Animations/SK_XBot_Run_Right.uasset" 7
"../../../../../../Users/van.phelan/source/repos/GraphicsDemoDungeon/Content/Characters/XBot/Animations/SK_XBot_Walk.uasset" 8
"../../../../../../Users/van.phelan/source/repos/GraphicsDemoDungeon/Content/Characters/XBot/Animations/SK_XBot_Walk_Back.uasset" 9
"../../../../../../Users/van.phelan/source/repos/GraphicsDemoDungeon/Content/Characters/XBot/Animations/SK_XBot_Walk_Left.uasset" 10
"../../../../../../Users/van.phelan/source/repos/GraphicsDemoDungeon/Content/Characters/XBot/Animations/SK_XBot_Walk_Right.uasset" 11
"../../../../../../Users/van.phelan/source/repos/GraphicsDemoDungeon/Content/Characters/XBot/Animations/SK_XBot_Locomotion.uasset" 12
"../../../Engine/Content/EditorBlueprintResources/StandardMacros.uasset" 13
"../../../../../../Users/van.phelan/source/repos/GraphicsDemoDungeon/Content/Characters/XBot/SK_XBot_AnimBP.uasset" 14
"../../../../../../Users/van.phelan/source/repos/GraphicsDemoDungeon/Content/Characters/XBot/M_XBot_Joints.uasset" 15
"../../../../../../Users/van.phelan/source/repos/GraphicsDemoDungeon/Content/Characters/XBot/M_XBot_Limbs.uasset" 16
"../../../../../../Users/van.phelan/source/repos/GraphicsDemoDungeon/Content/Characters/XBot/SK_XBot_PhysicsAsset.uasset" 17
"../../../../../../Users/van.phelan/source/repos/GraphicsDemoDungeon/Content/Characters/XBot/SK_XBot.uasset" 18
"../../../../../../Users/van.phelan/source/repos/GraphicsDemoDungeon/Content/Characters/XBot/BP_Xbot_Chara.uasset" 19
"../../../../../../Users/van.phelan/source/repos/GraphicsDemoDungeon/Content/Characters/XBot/BP_Xbot_Pawn.uasset" 20
"../../../../../../Users/van.phelan/source/repos/GraphicsDemoDungeon/Content/Characters/XBot/BP_Xbot_Actor.uasset" 21
"../../../../../../Users/van.phelan/source/repos/GraphicsDemoDungeon/Content/Characters/XBot/BP_XBot_Character.uasset" 22
"../../../../../../Users/van.phelan/source/repos/GraphicsDemoDungeon/Content/Characters/XBot/BP_XBot_Test.uasset" 23
"../../../../../../Users/van.phelan/source/repos/GraphicsDemoDungeon/Content/Environment/Torch/T_Flame_D.uasset" 24
"../../../../../../Users/van.phelan/source/repos/GraphicsDemoDungeon/Content/Environment/Torch/M_Flame.uasset" 25
"../../../../../../Users/van.phelan/source/repos/GraphicsDemoDungeon/Content/Environment/Torch/PS_Torch.uasset" 26
"../../../../../../Users/van.phelan/source/repos/GraphicsDemoDungeon/Content/Environment/Torch/BP_Torch.uasset" 27
"../../../../../../Users/van.phelan/source/repos/GraphicsDemoDungeon/Content/Environment/BP_Torch.uasset" 28
"../../../Engine/Content/EngineMaterials/DefaultDiffuse.uasset" 29
"../../../../../../Users/van.phelan/source/repos/GraphicsDemoDungeon/Content/Environment/Terrain/MF_LandscapeColorBlend.uasset" 30
"../../../../../../Users/van.phelan/source/repos/GraphicsDemoDungeon/Content/Environment/Terrain/MF_LandscapeBlend.uasset" 31
"../../../../../../Users/van.phelan/source/repos/GraphicsDemoDungeon/Content/Environment/Terrain/M_Terrain.uasset" 32
"../../../../../../Users/van.phelan/source/repos/GraphicsDemoDungeon/Content/Environment/Terrain/MI_Terrain_Desert.uasset" 33
"../../../Engine/Content/EngineMaterials/WeightMapPlaceholderTexture.uasset" 34
"../../../../../../Users/van.phelan/source/repos/GraphicsDemoDungeon/Content/Environment/Terrain/T_Sand_D.uasset" 35
"../../../../../../Users/van.phelan/source/repos/GraphicsDemoDungeon/Content/Environment/Terrain/T_Sand_M.uasset" 36
"../../../../../../Users/van.phelan/source/repos/GraphicsDemoDungeon/Content/Environment/Terrain/T_Sand_N.uasset" 37
"../../../../../../Users/van.phelan/source/repos/GraphicsDemoDungeon/Content/Environment/Terrain/T_Sand_R.uasset" 38
"../../../../../../Users/van.phelan/source/repos/GraphicsDemoDungeon/Content/Environment/Terrain/M_Sand.uasset" 39
"../../../../../../Users/van.phelan/source/repos/GraphicsDemoDungeon/Content/Environment/Terrain/T_Bog_AO.uasset" 40
"../../../../../../Users/van.phelan/source/repos/GraphicsDemoDungeon/Content/Environment/Terrain/T_Bog_D.uasset" 41
"../../../../../../Users/van.phelan/source/repos/GraphicsDemoDungeon/Content/Environment/Terrain/T_Bog_H.uasset" 42
"../../../../../../Users/van.phelan/source/repos/GraphicsDemoDungeon/Content/Environment/Terrain/T_Bog_M.uasset" 43
"../../../../../../Users/van.phelan/source/repos/GraphicsDemoDungeon/Content/Environment/Terrain/T_Bog_N.uasset" 44
"../../../../../../Users/van.phelan/source/repos/GraphicsDemoDungeon/Content/Environment/Terrain/T_Bog_R.uasset" 45
"../../../../../../Users/van.phelan/source/repos/GraphicsDemoDungeon/Content/Environment/Terrain/T_Cobble_Moss_AO.uasset" 46
"../../../../../../Users/van.phelan/source/repos/GraphicsDemoDungeon/Content/Environment/Terrain/T_Cobble_Moss_H.uasset" 47
"../../../../../../Users/van.phelan/source/repos/GraphicsDemoDungeon/Content/Environment/Terrain/T_Cobble_Moss_M.uasset" 48
"../../../../../../Users/van.phelan/source/repos/GraphicsDemoDungeon/Content/Environment/Terrain/T_Cobble_Moss_R.uasset" 49
"../../../../../../Users/van.phelan/source/repos/GraphicsDemoDungeon/Content/Environment/Terrain/T_Grass_Leafy_AO.uasset" 50
"../../../../../../Users/van.phelan/source/repos/GraphicsDemoDungeon/Content/Environment/Terrain/T_Grass_Leafy_H.uasset" 51
"../../../../../../Users/van.phelan/source/repos/GraphicsDemoDungeon/Content/Environment/Terrain/T_Grass_Leafy_M.uasset" 52
"../../../../../../Users/van.phelan/source/repos/GraphicsDemoDungeon/Content/Environment/Terrain/T_Grass_Leafy_R.uasset" 53
"../../../../../../Users/van.phelan/source/repos/GraphicsDemoDungeon/Content/Environment/Terrain/T_Sand_Ground_AO.uasset" 54
"../../../../../../Users/van.phelan/source/repos/GraphicsDemoDungeon/Content/Environment/Terrain/T_Sand_Ground_H.uasset" 55
"../../../../../../Users/van.phelan/source/repos/GraphicsDemoDungeon/Content/Environment/Terrain/T_Sand_Ground_M.uasset" 56
"../../../../../../Users/van.phelan/source/repos/GraphicsDemoDungeon/Content/Environment/Terrain/T_Sand_Ground_R.uasset" 57
"../../../../../../Users/van.phelan/source/repos/GraphicsDemoDungeon/Content/Environment/Terrain/T_Trail_Forest_AO.uasset" 58
"../../../../../../Users/van.phelan/source/repos/GraphicsDemoDungeon/Content/Environment/Terrain/T_Trail_Forest_D.uasset" 59
"../../../../../../Users/van.phelan/source/repos/GraphicsDemoDungeon/Content/Environment/Terrain/T_Trail_Forest_M.uasset" 60
"../../../../../../Users/van.phelan/source/repos/GraphicsDemoDungeon/Content/Environment/Terrain/T_Trail_Forest_N.uasset" 61
"../../../../../../Users/van.phelan/source/repos/GraphicsDemoDungeon/Content/Environment/Terrain/T_Trail_Forest_R.uasset" 62
"../../../../../../Users/van.phelan/source/repos/GraphicsDemoDungeon/Content/Worlds/DemoDungeon_sharedassets/Sand_LayerInfo.uasset" 63
"../../../Engine/Content/Animation/DefaultAnimCurveCompressionSettings.uasset" 64
"../../../Engine/Content/Functions/Engine_MaterialFunctions01/Opacity/CameraDepthFade.uasset" 65
"../../../Engine/Content/EngineMaterials/T_Default_Material_Grid_M.uasset" 66
"../../../Engine/Content/EngineMaterials/T_Default_Material_Grid_N.uasset" 67
"../../../Engine/Content/EngineMaterials/WorldGridMaterial.uasset" 68
"../../../Engine/Content/ArtTools/RenderToTexture/Meshes/S_1_Unit_Plane.uasset" 69
"../../../Engine/Content/EngineMaterials/DefaultMaterial.uasset" 70
"../../../Engine/Content/BasicShapes/Cone.uasset" 71
"../../../Engine/Content/BasicShapes/Cube.uasset" 72
"../../../Engine/Content/BasicShapes/Cylinder.uasset" 73
"../../../Engine/Content/BasicShapes/Plane.uasset" 74
"../../../Engine/Content/BasicShapes/Sphere.uasset" 75
"../../../Engine/Content/EditorLandscapeResources/DataLayer.uasset" 76
"../../../Engine/Content/EditorMaterials/MAT_Groups_Toggle.uasset" 77
"../../../Engine/Content/EditorMaterials/MAT_Groups_Visibility.uasset" 78
"../../../Engine/Content/EditorMaterials/PreviewShadowIndicator.uasset" 79
"../../../Engine/Content/EditorMaterials/PreviewShadowIndicatorMaterial.uasset" 80
"../../../Engine/Content/EditorMaterials/MatineeGroups/MAT_ColorTrack.uasset" 81
"../../../Engine/Content/EditorMaterials/MatineeGroups/MAT_Groups_Anim.uasset" 82
"../../../Engine/Content/EditorMaterials/MatineeGroups/MAT_Groups_AudioMaster.uasset" 83
"../../../Engine/Content/EditorMaterials/MatineeGroups/MAT_Groups_Director.uasset" 84
"../../../Engine/Content/EditorMaterials/MatineeGroups/MAT_Groups_Event.uasset" 85
"../../../Engine/Content/EditorMaterials/MatineeGroups/MAT_Groups_Fade.uasset" 86
"../../../Engine/Content/EditorMaterials/MatineeGroups/MAT_Groups_Float.uasset" 87
"../../../Engine/Content/EditorMaterials/MatineeGroups/MAT_Groups_Move.uasset" 88
"../../../Engine/Content/EditorMaterials/MatineeGroups/MAT_Groups_Slomo.uasset" 89
"../../../Engine/Content/EditorMaterials/MatineeGroups/MAT_Groups_Sound.uasset" 90
"../../../Engine/Content/EditorMaterials/MatineeGroups/MAT_Groups_Vector.uasset" 91
"../../../Engine/Content/EditorMaterials/ParticleSystems/PSysThumbnail_NoImage.uasset" 92
"../../../Engine/Content/EditorMaterials/ParticleSystems/PSysThumbnail_OOD.uasset" 93
"../../../Engine/Content/EditorMaterials/Camera/CineMat.uasset" 94
"../../../Engine/Content/EditorMaterials/Camera/MI_CineMat_Rig.uasset" 95
"../../../Engine/Content/EditorMeshes/Camera/SM_CraneRig_Arm.uasset" 96
"../../../Engine/Content/EditorMeshes/Camera/SM_CraneRig_Base.uasset" 97
"../../../Engine/Content/EditorMeshes/Camera/SM_CraneRig_Body.uasset" 98
"../../../Engine/Content/EditorMeshes/Camera/SM_CraneRig_Mount.uasset" 99
"../../../Engine/Content/EditorMeshes/Camera/SM_RailRig_Mount.uasset" 100
"../../../Engine/Content/EditorMeshes/Camera/SM_RailRig_Track.uasset" 101
"../../../Engine/Content/EditorResources/BSPVertex.uasset" 102
"../../../Engine/Content/EditorResources/EmptyActor.uasset" 103
"../../../Engine/Content/EditorResources/S_Actor.uasset" 104
"../../../Engine/Content/EditorResources/S_Note.uasset" 105
"../../../Engine/Content/EditorResources/S_Solver.uasset" 106
"../../../Engine/Content/EditorResources/S_Trigger.uasset" 107
"../../../Engine/Content/EditorResources/LightIcons/S_LightError.uasset" 108
"../../../Engine/Content/EditorResources/SequenceRecorder/Countdown.uasset" 109
"../../../Engine/Content/EditorResources/SequenceRecorder/RecordingIndicator.uasset" 110
"../../../Engine/Content/EditorSounds/Notifications/CompileFailed.uasset" 111
"../../../Engine/Content/EditorSounds/Notifications/CompileFailed_Cue.uasset" 112
"../../../Engine/Content/EditorSounds/Notifications/CompileSuccess.uasset" 113
"../../../Engine/Content/EditorSounds/Notifications/CompileStart_Cue.uasset" 114
"../../../Engine/Content/EditorSounds/Notifications/CompileSuccess_Cue.uasset" 115
"../../../Engine/Content/EngineDamageTypes/DmgTypeBP_Environmental.uasset" 116
"../../../Engine/Content/EngineDebugMaterials/DebugEditorMaterial.uasset" 117
"../../../Engine/Content/EngineDebugMaterials/DebugMeshMaterial.uasset" 118
"../../../Engine/Content/EngineDebugMaterials/M_SimpleUnlitTranslucent.uasset" 119
"../../../Engine/Content/Functions/Engine_MaterialFunctions02/Utility/CameraDirectionVector.uasset" 120
"../../../Engine/Content/EngineDebugMaterials/VolumeToRender.uasset" 121
"../../../Engine/Content/EngineDebugMaterials/M_VolumeRenderSphereTracePP.uasset" 122
"../../../Engine/Content/EngineDebugMaterials/WireframeMaterial.uasset" 123
"../../../Engine/Content/EngineFonts/Faces/DroidSansFallback.uasset" 124
"../../../Engine/Content/EngineFonts/Faces/RobotoBold.uasset" 125
"../../../Engine/Content/EngineFonts/Faces/RobotoBoldItalic.uasset" 126
"../../../Engine/Content/EngineFonts/Faces/RobotoItalic.uasset" 127
"../../../Engine/Content/EngineFonts/Faces/RobotoLight.uasset" 128
"../../../Engine/Content/EngineFonts/Faces/RobotoRegular.uasset" 129
"../../../Engine/Content/EngineFonts/Roboto.uasset" 130
"../../../Engine/Content/EngineMaterials/BaseFlattenDiffuseMap.uasset" 131
"../../../Engine/Content/EngineMaterials/BaseFlattenEmissiveMap.uasset" 132
"../../../Engine/Content/EngineMaterials/BaseFlattenGrayscaleMap.uasset" 133
"../../../Engine/Content/EngineMaterials/BaseFlattenNormalMap.uasset" 134
"../../../Engine/Content/EngineMaterials/BaseFlattenMaterial.uasset" 135
"../../../Engine/Content/EngineMaterials/BlueNoise.uasset" 136
"../../../Engine/Content/EngineMaterials/DefaultBloomKernel.uasset" 137
"../../../Engine/Content/EngineMaterials/DefaultBokeh.uasset" 138
"../../../Engine/Content/EngineMaterials/DefaultDeferredDecalMaterial.uasset" 139
"../../../Engine/Content/EngineMaterials/DefaultLightFunctionMaterial.uasset" 140
"../../../Engine/Content/Functions/Engine_MaterialFunctions02/Utility/BreakOutFloat2Components.uasset" 141
"../../../Engine/Content/EngineMaterials/DefaultPostProcessMaterial.uasset" 142
"../../../Engine/Content/EngineFonts/RobotoDistanceField.uasset" 143
"../../../Engine/Content/EngineMaterials/DefaultTextMaterialOpaque.uasset" 144
"../../../Engine/Content/EngineMaterials/DefaultWhiteGrid.uasset" 145
"../../../Engine/Content/EngineMaterials/DefaultWhiteGrid_Low.uasset" 146
"../../../Engine/Content/EngineMaterials/EmissiveMeshMaterial.uasset" 147
"../../../Engine/Content/EngineMaterials/GizmoMaterial.uasset" 148
"../../../Engine/Content/EngineMaterials/Good64x64TilingNoiseHighFreq.uasset" 149
"../../../Engine/Content/EngineMaterials/MiniFont.uasset" 150
"../../../Engine/Content/EngineMaterials/InvalidLightmapSettings.uasset" 151
"../../../Engine/Content/EngineMaterials/M_InvalidLightmapSettings.uasset" 152
"../../../Engine/Content/Functions/Engine_MaterialFunctions02/WorldPositionOffset/CameraOffset.uasset" 153
"../../../Engine/Content/EngineMaterials/PhAT_JointLimitMaterial.uasset" 154
"../../../Engine/Content/EngineMaterials/PreintegratedSkinBRDF.uasset" 155
"../../../Engine/Content/EngineMaterials/RemoveSurfaceMaterial.uasset" 156
"../../../Engine/Content/EngineResources/WhiteSquareTexture.uasset" 157
"../../../Engine/Content/EngineMaterials/Widget3DPassThrough.uasset" 158
"../../../Engine/Content/EngineMaterials/Widget3DPassThrough_Masked.uasset" 159
"../../../Engine/Content/EngineMaterials/Widget3DPassThrough_Opaque.uasset" 160
"../../../Engine/Content/EngineMaterials/Widget3DPassThrough_Masked_OneSided.uasset" 161
"../../../Engine/Content/EngineMaterials/Widget3DPassThrough_Opaque_OneSided.uasset" 162
"../../../Engine/Content/EngineMaterials/Widget3DPassThrough_Translucent.uasset" 163
"../../../Engine/Content/EngineMaterials/Widget3DPassThrough_Translucent_OneSided.uasset" 164
"../../../Engine/Content/EngineMeshes/Cylinder.uasset" 165
"../../../Engine/Content/EngineMeshes/Sphere.uasset" 166
"../../../Engine/Content/EngineResources/Black.uasset" 167
"../../../Engine/Content/EngineResources/DefaultTexture.uasset" 168
"../../../Engine/Content/EngineResources/DefaultTextureCube.uasset" 169
"../../../Engine/Content/EngineResources/DefaultVolumeTexture2D.uasset" 170
"../../../Engine/Content/EngineResources/DefaultVolumeTexture.uasset" 171
"../../../Engine/Content/EngineResources/GradientTexture0.uasset" 172
"../../../Engine/Content/EngineSounds/Master.uasset" 173
"../../../Engine/Content/Functions/Engine_MaterialFunctions01/Shading/ConvertFromDiffSpec.uasset" 174
"../../../Engine/Content/Functions/Engine_MaterialFunctions01/Shading/PowerToRoughness.uasset" 175
"../../../Engine/Content/Maps/Templates/Thumbnails/Default.uasset" 176
"../../../Engine/Content/Maps/Templates/Thumbnails/TimeOfDay.uasset" 177
"../../../Engine/Content/Maps/Templates/Thumbnails/VR-Basic.uasset" 178
"../../../Engine/Content/MobileResources/T_MobileControls_texture.uasset" 179
"../../../Engine/Content/MobileResources/T_MobileMenu2.uasset" 180
"../../../Engine/Content/MobileResources/HUD/AnalogHat.uasset" 181
"../../../Engine/Content/MobileResources/HUD/VirtualJoystick_Background.uasset" 182
"../../../Engine/Content/MobileResources/HUD/VirtualJoystick_Thumb.uasset" 183
"../../../Engine/Content/MobileResources/HUD/DefaultVirtualJoysticks.uasset" 184
"../../../Engine/Content/MobileResources/HUD/LeftVirtualJoystickOnly.uasset" 185
"../../../Engine/Content/MobileResources/HUD/MobileHUDButton1_off.uasset" 186
"../../../Engine/Content/MobileResources/HUD/MobileHUDButton1_on.uasset" 187
"../../../Engine/Content/MobileResources/HUD/MobileHUDButton2_off.uasset" 188
"../../../Engine/Content/MobileResources/HUD/MobileHUDButton2_on.uasset" 189
"../../../Engine/Content/MobileResources/HUD/MobileHUDButton3.uasset" 190
"../../../Engine/Content/MobileResources/HUD/MobileHUDButtonFire.uasset" 191
"../../../Engine/Content/MobileResources/HUD/MobileHUDDirectionPad.uasset" 192
"../../../Engine/Content/MobileResources/HUD/MobileHUDDirectionPad2.uasset" 193
"../../../Engine/Content/MobileResources/HUD/MobileHUDDirectionPad3.uasset" 194
"../../../Engine/Content/MobileResources/HUD/MobileHUDDirectionStick.uasset" 195
"../../../Engine/Content/MobileResources/HUD/T_Castle_ThumbstickInner.uasset" 196
"../../../Engine/Content/MobileResources/HUD/T_Castle_ThumbstickOutter.uasset" 197
"../../../Engine/Content/Tutorial/ContentIntroCurve.uasset" 198
"../../../Engine/Content/Tutorial/Basics/LevelEditorAttract.uasset" 199
"../../../Engine/Content/Tutorial/Basics/TutorialAssets/icon_tab_Levels_40x.uasset" 200
"../../../Engine/Content/Tutorial/Basics/LevelEditorOverview.uasset" 201
"../../../Engine/Content/Tutorial/Landscape/TutorialAssets/Landscape.uasset" 202
"../../../Engine/Content/Tutorial/Landscape/LandscapeWalkThrough.uasset" 203
"../../../Engine/Content/Tutorial/Landscape/Landscape_Manage_Mode.uasset" 204
"../../../Engine/Content/Tutorial/Landscape/Landscape_Painting_Mode.uasset" 205
"../../../Engine/Content/Tutorial/Landscape/Landscape_Sculpt_Mode.uasset" 206
"../../../Engine/Content/VREditor/LaserPointer/VR_LaserPower_01.uasset" 207
"../../../Engine/Content/VREditor/TransformGizmo/TransformGizmoMaterial.uasset" 208
"../../../Engine/Content/VREditor/TransformGizmo/TranslucentTransformGizmoMaterial.uasset" 209
"../../../Engine/Content/VREditor/TransformGizmo/BoundingBoxCorner.uasset" 210
"../../../Engine/Content/VREditor/TransformGizmo/BoundingBoxEdge.uasset" 211
"../../../Engine/Content/VREditor/TransformGizmo/PlaneTranslationHandle.uasset" 212
"../../../Engine/Content/VREditor/TransformGizmo/Main.uasset" 213
"../../../Engine/Content/VREditor/TransformGizmo/Xray.uasset" 214
"../../../Engine/Content/VREditor/TransformGizmo/SM_Sequencer_Key.uasset" 215
"../../../Engine/Content/VREditor/TransformGizmo/SM_Sequencer_Node.uasset" 216
"../../Plugins/2D/Paper2D/Content/PlaceholderTextures/DummySpriteTexture.uasset" 217
"../../Plugins/2D/Paper2D/Content/DummySprite.uasset" 218
"../../Plugins/2D/Paper2D/Content/DefaultPaperTerrainMaterial.uasset" 219
"../../Plugins/2D/Paper2D/Content/DefaultSpriteMaterial.uasset" 220
"../../Plugins/2D/Paper2D/Content/MaskedUnlitSpriteMaterial.uasset" 221
"../../Plugins/2D/Paper2D/Content/OpaqueUnlitSpriteMaterial.uasset" 222
"../../Plugins/FX/Niagara/Content/Enums/ENiagaraBooleanLogicOps.uasset" 223
"../../Plugins/FX/Niagara/Content/Enums/ENiagaraCoordinateSpace.uasset" 224
"../../Plugins/FX/Niagara/Content/Enums/ENiagaraExpansionMode.uasset" 225
"../../Plugins/FX/Niagara/Content/Enums/ENiagaraOrientationAxis.uasset" 226
"../../Plugins/FX/Niagara/Content/Enums/ENiagaraRandomnessMode.uasset" 227
"../../../Engine/Content/Functions/Engine_MaterialFunctions02/Utility/BreakOutFloat4Components.uasset" 228
"../../../Engine/Content/Functions/Engine_MaterialFunctions02/Utility/MakeFloat2.uasset" 229
"../../../Engine/Content/Functions/Engine_MaterialFunctions02/Utility/MakeFloat3.uasset" 230
"../../Plugins/Runtime/Oculus/OculusVR/Content/Materials/OculusMR_ChromaKey.uasset" 231
"../../Plugins/Runtime/Oculus/OculusVR/Content/Materials/OculusMR_ChromaKey_Lit.uasset" 232
"../../Plugins/Runtime/Oculus/OculusVR/Content/Materials/OculusMR_OpaqueColoredMaterial.uasset" 233
"../../Plugins/Runtime/Oculus/OculusVR/Content/Materials/OculusMR_WhiteMaterial.uasset" 234
"../../../../../../Users/van.phelan/source/repos/GraphicsDemoDungeon/Content/GM_XBot.uasset" 235
"../../../../../../Users/van.phelan/source/repos/GraphicsDemoDungeon/Content/Worlds/DemoDungeon_sharedassets/Grass_LayerInfo.uasset" 236
"../../../../../../Users/van.phelan/source/repos/GraphicsDemoDungeon/Content/Worlds/DemoDungeon_sharedassets/Ground_LayerInfo.uasset" 237
"../../../../../../Users/van.phelan/source/repos/GraphicsDemoDungeon/Content/Worlds/DemoDungeon_sharedassets/Path_LayerInfo.uasset" 238
"../../../../../../Users/van.phelan/source/repos/GraphicsDemoDungeon/Content/Worlds/DemoDungeon_BuiltData.uasset" 239
"../../../../../../Users/van.phelan/source/repos/GraphicsDemoDungeon/Content/Environment/Structures/T_Wall_Block_Stone_AO.uasset" 240
"../../../../../../Users/van.phelan/source/repos/GraphicsDemoDungeon/Content/Environment/Structures/T_Wall_Block_Stone_D.uasset" 241
"../../../../../../Users/van.phelan/source/repos/GraphicsDemoDungeon/Content/Environment/Structures/T_Wall_Block_Stone_Height.uasset" 242
"../../../../../../Users/van.phelan/source/repos/GraphicsDemoDungeon/Content/Environment/Structures/T_Wall_Block_Stone_M.uasset" 243
"../../../../../../Users/van.phelan/source/repos/GraphicsDemoDungeon/Content/Environment/Structures/T_Wall_Block_Stone_N.uasset" 244
"../../../../../../Users/van.phelan/source/repos/GraphicsDemoDungeon/Content/Environment/Structures/T_Wall_Block_Stone_R.uasset" 245
"../../../../../../Users/van.phelan/source/repos/GraphicsDemoDungeon/Content/Environment/Structures/M_Wall_Block_Stone.uasset" 246
"../../../Engine/Content/Functions/Engine_MaterialFunctions01/Shading/MetallicShading.uasset" 247
"../../../Engine/Content/EngineMaterials/DefaultNormal.uasset" 248
"../../../../../../Users/van.phelan/source/repos/GraphicsDemoDungeon/Content/Environment/Terrain/MF_LandscapeNormalBlend.uasset" 249
"../../../../../../Users/van.phelan/source/repos/GraphicsDemoDungeon/Content/Environment/Terrain/M_Landscape.uasset" 250
"../../../../../../Users/van.phelan/source/repos/GraphicsDemoDungeon/Content/Environment/Terrain/T_Cobble_Moss_D.uasset" 251
"../../../../../../Users/van.phelan/source/repos/GraphicsDemoDungeon/Content/Environment/Terrain/T_Cobble_Moss_N.uasset" 252
"../../../../../../Users/van.phelan/source/repos/GraphicsDemoDungeon/Content/Environment/Terrain/T_Grass_Leafy_D.uasset" 253
"../../../../../../Users/van.phelan/source/repos/GraphicsDemoDungeon/Content/Environment/Terrain/T_Grass_Leafy_N.uasset" 254
"../../../../../../Users/van.phelan/source/repos/GraphicsDemoDungeon/Content/Environment/Terrain/T_Sand_Ground_D.uasset" 255
"../../../../../../Users/van.phelan/source/repos/GraphicsDemoDungeon/Content/Environment/Terrain/T_Sand_Ground_N.uasset" 256
"../../../../../../Users/van.phelan/source/repos/GraphicsDemoDungeon/Content/Environment/Terrain/MI_Landscape_Desert.uasset" 257
"../../../Engine/Content/EngineMaterials/DefaultPhysicalMaterial.uasset" 258
"../../../../../../Users/van.phelan/source/repos/GraphicsDemoDungeon/Content/Worlds/DemoDungeon.umap" 259
"../../../Engine/Content/Maps/Entry_BuiltData.uasset" 260
"../../../Engine/Content/Maps/Entry.umap" 261
